Flow report for top_timer_de2_115
Fri Sep 20 16:44:17 2019
Quartus II 32-bit Version 13.0.1 Build 232 06/12/2013 Service Pack 1 SJ Full Version


---------------------
; Table of Contents ;
---------------------
  1. Legal Notice
  2. Flow Summary
  3. Flow Settings
  4. Flow Non-Default Global Settings
  5. Flow Elapsed Time
  6. Flow OS Summary
  7. Flow Log
  8. Flow Messages
  9. Flow Suppressed Messages



----------------
; Legal Notice ;
----------------
Copyright (C) 1991-2013 Altera Corporation
Your use of Altera Corporation's design tools, logic functions 
and other software and tools, and its AMPP partner logic 
functions, and any output files from any of the foregoing 
(including device programming or simulation files), and any 
associated documentation or information are expressly subject 
to the terms and conditions of the Altera Program License 
Subscription Agreement, Altera MegaCore Function License 
Agreement, or other applicable license agreement, including, 
without limitation, that your use is for the sole purpose of 
programming logic devices manufactured by Altera and sold by 
Altera or its authorized distributors.  Please refer to the 
applicable agreement for further details.



+---------------------------------------------------------------------------------------+
; Flow Summary                                                                          ;
+------------------------------------+--------------------------------------------------+
; Flow Status                        ; Successful - Fri Sep 20 16:44:16 2019            ;
; Quartus II 32-bit Version          ; 13.0.1 Build 232 06/12/2013 SP 1 SJ Full Version ;
; Revision Name                      ; top_timer_de2_115                                ;
; Top-level Entity Name              ; top_timer_de2_115                                ;
; Family                             ; Cyclone IV E                                     ;
; Device                             ; EP4CE115F29C7                                    ;
; Timing Models                      ; Final                                            ;
; Total logic elements               ; 149 / 114,480 ( < 1 % )                          ;
;     Total combinational functions  ; 149 / 114,480 ( < 1 % )                          ;
;     Dedicated logic registers      ; 38 / 114,480 ( < 1 % )                           ;
; Total registers                    ; 38                                               ;
; Total pins                         ; 44 / 529 ( 8 % )                                 ;
; Total virtual pins                 ; 0                                                ;
; Total memory bits                  ; 0 / 3,981,312 ( 0 % )                            ;
; Embedded Multiplier 9-bit elements ; 0 / 532 ( 0 % )                                  ;
; Total PLLs                         ; 1 / 4 ( 25 % )                                   ;
+------------------------------------+--------------------------------------------------+


+-----------------------------------------+
; Flow Settings                           ;
+-------------------+---------------------+
; Option            ; Setting             ;
+-------------------+---------------------+
; Start date & time ; 09/20/2019 16:42:27 ;
; Main task         ; Compilation         ;
; Revision Name     ; top_timer_de2_115   ;
+-------------------+---------------------+


+---------------------------------------------------------------------------------------------------------------------+
; Flow Non-Default Global Settings                                                                                    ;
+-------------------------------------+--------------------------------+---------------+-------------+----------------+
; Assignment Name                     ; Value                          ; Default Value ; Entity Name ; Section Id     ;
+-------------------------------------+--------------------------------+---------------+-------------+----------------+
; COMPILER_SIGNATURE_ID               ; 79965022078880.156900854708937 ; --            ; --          ; --             ;
; EDA_OUTPUT_DATA_FORMAT              ; Vhdl                           ; --            ; --          ; eda_simulation ;
; EDA_SIMULATION_TOOL                 ; ModelSim-Altera (VHDL)         ; <None>        ; --          ; --             ;
; IP_TOOL_NAME                        ; ALTPLL                         ; --            ; --          ; --             ;
; IP_TOOL_VERSION                     ; 13.0                           ; --            ; --          ; --             ;
; MAX_CORE_JUNCTION_TEMP              ; 85                             ; --            ; --          ; --             ;
; MIN_CORE_JUNCTION_TEMP              ; 0                              ; --            ; --          ; --             ;
; MISC_FILE                           ; PLL.cmp                        ; --            ; --          ; --             ;
; MISC_FILE                           ; PLL.ppf                        ; --            ; --          ; --             ;
; NOMINAL_CORE_SUPPLY_VOLTAGE         ; 1.2V                           ; --            ; --          ; --             ;
; PARTITION_COLOR                     ; 16764057                       ; --            ; --          ; Top            ;
; PARTITION_FITTER_PRESERVATION_LEVEL ; PLACEMENT_AND_ROUTING          ; --            ; --          ; Top            ;
; PARTITION_NETLIST_TYPE              ; SOURCE                         ; --            ; --          ; Top            ;
; PROJECT_OUTPUT_DIRECTORY            ; output_files                   ; --            ; --          ; --             ;
+-------------------------------------+--------------------------------+---------------+-------------+----------------+


+-------------------------------------------------------------------------------------------------------------------------------+
; Flow Elapsed Time                                                                                                             ;
+---------------------------+--------------+-------------------------+---------------------+------------------------------------+
; Module Name               ; Elapsed Time ; Average Processors Used ; Peak Virtual Memory ; Total CPU Time (on all processors) ;
+---------------------------+--------------+-------------------------+---------------------+------------------------------------+
; Analysis & Synthesis      ; 00:00:07     ; 1.0                     ; 400 MB              ; 00:00:07                           ;
; Fitter                    ; 00:00:49     ; 1.8                     ; 745 MB              ; 00:01:06                           ;
; Assembler                 ; 00:00:18     ; 1.0                     ; 346 MB              ; 00:00:18                           ;
; TimeQuest Timing Analyzer ; 00:00:08     ; 1.0                     ; 432 MB              ; 00:00:08                           ;
; EDA Netlist Writer        ; 00:00:03     ; 1.0                     ; 319 MB              ; 00:00:03                           ;
; Total                     ; 00:01:25     ; --                      ; --                  ; 00:01:42                           ;
+---------------------------+--------------+-------------------------+---------------------+------------------------------------+


+-------------------------------------------------------------------------------------------------+
; Flow OS Summary                                                                                 ;
+---------------------------+--------------------+------------------+------------+----------------+
; Module Name               ; Machine Hostname   ; OS Name          ; OS Version ; Processor type ;
+---------------------------+--------------------+------------------+------------+----------------+
; Analysis & Synthesis      ; sj-lin-prog-866459 ; Debian GNU/Linux ; 9          ; x86_64         ;
; Fitter                    ; sj-lin-prog-866459 ; Debian GNU/Linux ; 9          ; x86_64         ;
; Assembler                 ; sj-lin-prog-866459 ; Debian GNU/Linux ; 9          ; x86_64         ;
; TimeQuest Timing Analyzer ; sj-lin-prog-866459 ; Debian GNU/Linux ; 9          ; x86_64         ;
; EDA Netlist Writer        ; sj-lin-prog-866459 ; Debian GNU/Linux ; 9          ; x86_64         ;
+---------------------------+--------------------+------------------+------------+----------------+


------------
; Flow Log ;
------------
quartus_map --read_settings_files=on --write_settings_files=off bcd_timer_2019_2 -c top_timer_de2_115
quartus_fit --read_settings_files=off --write_settings_files=off bcd_timer_2019_2 -c top_timer_de2_115
quartus_asm --read_settings_files=off --write_settings_files=off bcd_timer_2019_2 -c top_timer_de2_115
quartus_sta bcd_timer_2019_2 -c top_timer_de2_115
quartus_eda --read_settings_files=off --write_settings_files=off bcd_timer_2019_2 -c top_timer_de2_115



